Arguments: 
  /home/jamesncox/.nvm/versions/node/v14.16.0/bin/node /usr/share/yarn/bin/yarn.js init

PATH: 
  /home/jamesncox/.rvm/gems/ruby-2.7.0/bin:/home/jamesncox/.rvm/gems/ruby-2.7.0@global/bin:/home/jamesncox/.rvm/rubies/ruby-2.7.0/bin:/home/jamesncox/.nvm/versions/node/v14.16.0/bin:/usr/local/sbin:/usr/local/bin:/usr/sbin:/usr/bin:/sbin:/bin:/usr/games:/usr/local/games:/mnt/c/Program Files (x86)/Common Files/Oracle/Java/javapath:/mnt/c/Windows/system32:/mnt/c/Windows:/mnt/c/Windows/System32/Wbem:/mnt/c/Windows/System32/WindowsPowerShell/v1.0/:/mnt/c/Windows/System32/OpenSSH/:/mnt/c/Program Files/Docker/Docker/resources/bin:/mnt/c/ProgramData/DockerDesktop/version-bin:/mnt/c/Users/James/AppData/Local/Microsoft/WindowsApps:/mnt/c/Users/James/AppData/Local/Programs/Microsoft VS Code/bin:/snap/bin:/home/jamesncox/.rvm/bin:/home/jamesncox/.rvm/bin

Yarn version: 
  1.22.5

Node version: 
  14.16.0

Platform: 
  linux x64

Trace: 
  Error: canceled
      at Interface.<anonymous> (/usr/share/yarn/lib/cli.js:137009:13)
      at Interface.emit (events.js:315:20)
      at Interface._ttyWrite (readline.js:875:16)
      at ReadStream.onkeypress (readline.js:213:10)
      at ReadStream.emit (events.js:315:20)
      at emitKeys (internal/readline/utils.js:345:14)
      at emitKeys.next (<anonymous>)
      at ReadStream.onData (readline.js:1144:36)
      at ReadStream.emit (events.js:315:20)
      at addChunk (internal/streams/readable.js:309:12)

npm manifest: 
  No manifest

yarn manifest: 
  No manifest

Lockfile: 
  No lockfile
